<?xml version="1.0" encoding="UTF-8"?>
<!-- Generated by org.testng.reporters.JUnitXMLReporter -->
<testsuite ignored="0" hostname="DESKTOP-6DRSD6U" failures="0" tests="4" name="Demoblaze End-to-End Tests" time="39.667" errors="0" timestamp="2025-09-08T00:06:48 IST">
  <testcase classname="com.wiprojuly.testng.UserAccountManagement" name="login" time="8.506"/>
  <testcase classname="com.wiprojuly.testng.UserAccountManagement" name="verifyNoForgotPassword" time="0.025"/>
  <testcase classname="com.wiprojuly.testng.ProductDetailsAndCart" name="addMacBookAirToCart" time="6.347"/>
  <testcase classname="com.wiprojuly.testng.CheckoutProcess" name="checkoutOrder" time="4.377"/>
</testsuite> <!-- Demoblaze End-to-End Tests -->
