<?xml version="1.0" encoding="UTF-8"?>
<testng-results ignored="0" total="1" passed="1" failed="0" skipped="0">
  <reporter-output>
  </reporter-output>
  <suite started-at="2025-09-08T13:37:24 IST" name="Surefire suite" finished-at="2025-09-08T13:38:06 IST" duration-ms="42217">
    <groups>
      <group name="cucumber">
        <method signature="AbstractTestNGCucumberTests.runScenario(io.cucumber.testng.PickleWrapper,io.cucumber.testng.FeatureWrapper)[pri:0, instance:testRunner.MyTestRunner@6e20b53a]" name="runScenario" class="io.cucumber.testng.AbstractTestNGCucumberTests"/>
      </group> <!-- cucumber -->
    </groups>
    <test started-at="2025-09-08T13:37:24 IST" name="Surefire test" finished-at="2025-09-08T13:38:06 IST" duration-ms="42217">
      <class name="testRunner.MyTestRunner">
        <test-method is-config="true" signature="setUpClass(org.testng.ITestContext)[pri:0, instance:testRunner.MyTestRunner@6e20b53a]" started-at="2025-09-08T13:37:24 IST" name="setUpClass" finished-at="2025-09-08T13:37:25 IST" duration-ms="565" status="PASS">
          <params>
            <param index="0">
              <value>
                <![CDATA[org.testng.TestRunner@3408f695]]>
              </value>
            </param>
          </params>
          <reporter-output>
          </reporter-output>
        </test-method> <!-- setUpClass -->
        <test-method signature="runScenario(io.cucumber.testng.PickleWrapper,io.cucumber.testng.FeatureWrapper)[pri:0, instance:testRunner.MyTestRunner@6e20b53a]" started-at="2025-09-08T13:37:25 IST" name="runScenario" description="Runs Cucumber Scenarios" data-provider="scenarios" finished-at="2025-09-08T13:38:04 IST" duration-ms="38855" status="PASS">
          <params>
            <param index="0">
              <value>
                <![CDATA["Complete checkout with valid details"]]>
              </value>
            </param>
            <param index="1">
              <value>
                <![CDATA["Checkout Process"]]>
              </value>
            </param>
          </params>
          <reporter-output>
          </reporter-output>
        </test-method> <!-- runScenario -->
        <test-method is-config="true" signature="tearDownClass()[pri:0, instance:testRunner.MyTestRunner@6e20b53a]" started-at="2025-09-08T13:38:04 IST" name="tearDownClass" finished-at="2025-09-08T13:38:06 IST" duration-ms="2752" status="PASS">
          <reporter-output>
          </reporter-output>
        </test-method> <!-- tearDownClass -->
      </class> <!-- testRunner.MyTestRunner -->
    </test> <!-- Surefire test -->
  </suite> <!-- Surefire suite -->
</testng-results>
