<?xml version="1.0" encoding="UTF-8"?>
<testng-results ignored="0" total="4" passed="4" failed="0" skipped="0">
  <reporter-output>
  </reporter-output>
  <suite started-at="2025-09-08T00:08:21 IST" name="Demoblaze Suite" finished-at="2025-09-08T00:09:14 IST" duration-ms="52667">
    <groups>
    </groups>
    <test started-at="2025-09-08T00:08:21 IST" name="Demoblaze End-to-End Tests" finished-at="2025-09-08T00:09:14 IST" duration-ms="52667">
      <class name="com.wiprojuly.testng.UserAccountManagement">
        <test-method is-config="true" signature="setupClass()[pri:0, instance:com.wiprojuly.testng.UserAccountManagement@f5ac9e4]" started-at="2025-09-08T00:08:21 IST" name="setupClass" finished-at="2025-09-08T00:08:22 IST" duration-ms="455" status="PASS">
          <reporter-output>
          </reporter-output>
        </test-method> <!-- setupClass -->
        <test-method is-config="true" signature="setup()[pri:0, instance:com.wiprojuly.testng.UserAccountManagement@f5ac9e4]" started-at="2025-09-08T00:08:22 IST" name="setup" finished-at="2025-09-08T00:08:27 IST" duration-ms="4815" status="PASS">
          <reporter-output>
          </reporter-output>
        </test-method> <!-- setup -->
        <test-method signature="login()[pri:1, instance:com.wiprojuly.testng.UserAccountManagement@f5ac9e4]" started-at="2025-09-08T00:08:27 IST" name="login" finished-at="2025-09-08T00:08:35 IST" duration-ms="8716" status="PASS">
          <reporter-output>
          </reporter-output>
        </test-method> <!-- login -->
        <test-method is-config="true" signature="teardown()[pri:0, instance:com.wiprojuly.testng.UserAccountManagement@f5ac9e4]" started-at="2025-09-08T00:08:35 IST" name="teardown" finished-at="2025-09-08T00:08:36 IST" duration-ms="847" status="PASS">
          <reporter-output>
          </reporter-output>
        </test-method> <!-- teardown -->
        <test-method is-config="true" signature="setup()[pri:0, instance:com.wiprojuly.testng.UserAccountManagement@f5ac9e4]" started-at="2025-09-08T00:08:36 IST" name="setup" finished-at="2025-09-08T00:08:39 IST" duration-ms="2996" status="PASS">
          <reporter-output>
          </reporter-output>
        </test-method> <!-- setup -->
        <test-method signature="verifyNoForgotPassword()[pri:2, instance:com.wiprojuly.testng.UserAccountManagement@f5ac9e4]" started-at="2025-09-08T00:08:39 IST" name="verifyNoForgotPassword" finished-at="2025-09-08T00:08:39 IST" duration-ms="13" status="PASS">
          <reporter-output>
          </reporter-output>
        </test-method> <!-- verifyNoForgotPassword -->
        <test-method is-config="true" signature="teardown()[pri:0, instance:com.wiprojuly.testng.UserAccountManagement@f5ac9e4]" started-at="2025-09-08T00:08:39 IST" name="teardown" finished-at="2025-09-08T00:08:40 IST" duration-ms="701" status="PASS">
          <reporter-output>
          </reporter-output>
        </test-method> <!-- teardown -->
      </class> <!-- com.wiprojuly.testng.UserAccountManagement -->
      <class name="com.wiprojuly.testng.ProductDetailsAndCart">
        <test-method is-config="true" signature="setupClass()[pri:0, instance:com.wiprojuly.testng.ProductDetailsAndCart@42e99e4a]" started-at="2025-09-08T00:08:40 IST" name="setupClass" finished-at="2025-09-08T00:08:40 IST" duration-ms="109" status="PASS">
          <reporter-output>
          </reporter-output>
        </test-method> <!-- setupClass -->
        <test-method is-config="true" signature="setup()[pri:0, instance:com.wiprojuly.testng.ProductDetailsAndCart@42e99e4a]" started-at="2025-09-08T00:08:40 IST" name="setup" finished-at="2025-09-08T00:08:45 IST" duration-ms="4775" status="PASS">
          <reporter-output>
          </reporter-output>
        </test-method> <!-- setup -->
        <test-method signature="addMacBookAirToCart()[pri:0, instance:com.wiprojuly.testng.ProductDetailsAndCart@42e99e4a]" started-at="2025-09-08T00:08:45 IST" name="addMacBookAirToCart" finished-at="2025-09-08T00:08:52 IST" duration-ms="6800" status="PASS">
          <reporter-output>
          </reporter-output>
        </test-method> <!-- addMacBookAirToCart -->
        <test-method is-config="true" signature="teardown()[pri:0, instance:com.wiprojuly.testng.ProductDetailsAndCart@42e99e4a]" started-at="2025-09-08T00:08:52 IST" name="teardown" finished-at="2025-09-08T00:08:53 IST" duration-ms="1456" status="PASS">
          <reporter-output>
          </reporter-output>
        </test-method> <!-- teardown -->
      </class> <!-- com.wiprojuly.testng.ProductDetailsAndCart -->
      <class name="com.wiprojuly.testng.CheckoutProcess">
        <test-method is-config="true" signature="setupClass()[pri:0, instance:com.wiprojuly.testng.CheckoutProcess@14dd9eb7]" started-at="2025-09-08T00:08:53 IST" name="setupClass" finished-at="2025-09-08T00:08:53 IST" duration-ms="39" status="PASS">
          <reporter-output>
          </reporter-output>
        </test-method> <!-- setupClass -->
        <test-method is-config="true" signature="setup()[pri:0, instance:com.wiprojuly.testng.CheckoutProcess@14dd9eb7]" started-at="2025-09-08T00:08:53 IST" name="setup" finished-at="2025-09-08T00:09:09 IST" duration-ms="15837" status="PASS">
          <reporter-output>
          </reporter-output>
        </test-method> <!-- setup -->
        <test-method signature="checkoutOrder()[pri:0, instance:com.wiprojuly.testng.CheckoutProcess@14dd9eb7]" started-at="2025-09-08T00:09:09 IST" name="checkoutOrder" finished-at="2025-09-08T00:09:13 IST" duration-ms="4415" status="PASS">
          <reporter-output>
          </reporter-output>
        </test-method> <!-- checkoutOrder -->
        <test-method is-config="true" signature="teardown()[pri:0, instance:com.wiprojuly.testng.CheckoutProcess@14dd9eb7]" started-at="2025-09-08T00:09:13 IST" name="teardown" finished-at="2025-09-08T00:09:14 IST" duration-ms="642" status="PASS">
          <reporter-output>
          </reporter-output>
        </test-method> <!-- teardown -->
      </class> <!-- com.wiprojuly.testng.CheckoutProcess -->
    </test> <!-- Demoblaze End-to-End Tests -->
  </suite> <!-- Demoblaze Suite -->
</testng-results>
