<?xml version="1.0" encoding="UTF-8"?>
<testng-results ignored="0" total="4" passed="4" failed="0" skipped="0">
  <reporter-output>
  </reporter-output>
  <suite started-at="2025-09-08T00:06:08 IST" name="Demoblaze Suite" finished-at="2025-09-08T00:06:48 IST" duration-ms="39667">
    <groups>
    </groups>
    <test started-at="2025-09-08T00:06:08 IST" name="Demoblaze End-to-End Tests" finished-at="2025-09-08T00:06:48 IST" duration-ms="39667">
      <class name="com.wiprojuly.testng.UserAccountManagement">
        <test-method is-config="true" signature="setupClass()[pri:0, instance:com.wiprojuly.testng.UserAccountManagement@3590fc5b]" started-at="2025-09-08T00:06:08 IST" name="setupClass" finished-at="2025-09-08T00:06:10 IST" duration-ms="1193" status="PASS">
          <reporter-output>
          </reporter-output>
        </test-method> <!-- setupClass -->
        <test-method is-config="true" signature="setup()[pri:0, instance:com.wiprojuly.testng.UserAccountManagement@3590fc5b]" started-at="2025-09-08T00:06:10 IST" name="setup" finished-at="2025-09-08T00:06:13 IST" duration-ms="3047" status="PASS">
          <reporter-output>
          </reporter-output>
        </test-method> <!-- setup -->
        <test-method signature="login()[pri:1, instance:com.wiprojuly.testng.UserAccountManagement@3590fc5b]" started-at="2025-09-08T00:06:13 IST" name="login" finished-at="2025-09-08T00:06:21 IST" duration-ms="8506" status="PASS">
          <reporter-output>
          </reporter-output>
        </test-method> <!-- login -->
        <test-method is-config="true" signature="teardown()[pri:0, instance:com.wiprojuly.testng.UserAccountManagement@3590fc5b]" started-at="2025-09-08T00:06:21 IST" name="teardown" finished-at="2025-09-08T00:06:21 IST" duration-ms="314" status="PASS">
          <reporter-output>
          </reporter-output>
        </test-method> <!-- teardown -->
        <test-method is-config="true" signature="setup()[pri:0, instance:com.wiprojuly.testng.UserAccountManagement@3590fc5b]" started-at="2025-09-08T00:06:21 IST" name="setup" finished-at="2025-09-08T00:06:24 IST" duration-ms="2166" status="PASS">
          <reporter-output>
          </reporter-output>
        </test-method> <!-- setup -->
        <test-method signature="verifyNoForgotPassword()[pri:2, instance:com.wiprojuly.testng.UserAccountManagement@3590fc5b]" started-at="2025-09-08T00:06:24 IST" name="verifyNoForgotPassword" finished-at="2025-09-08T00:06:24 IST" duration-ms="25" status="PASS">
          <reporter-output>
          </reporter-output>
        </test-method> <!-- verifyNoForgotPassword -->
        <test-method is-config="true" signature="teardown()[pri:0, instance:com.wiprojuly.testng.UserAccountManagement@3590fc5b]" started-at="2025-09-08T00:06:24 IST" name="teardown" finished-at="2025-09-08T00:06:24 IST" duration-ms="224" status="PASS">
          <reporter-output>
          </reporter-output>
        </test-method> <!-- teardown -->
      </class> <!-- com.wiprojuly.testng.UserAccountManagement -->
      <class name="com.wiprojuly.testng.ProductDetailsAndCart">
        <test-method is-config="true" signature="setupClass()[pri:0, instance:com.wiprojuly.testng.ProductDetailsAndCart@618b19ad]" started-at="2025-09-08T00:06:24 IST" name="setupClass" finished-at="2025-09-08T00:06:24 IST" duration-ms="64" status="PASS">
          <reporter-output>
          </reporter-output>
        </test-method> <!-- setupClass -->
        <test-method is-config="true" signature="setup()[pri:0, instance:com.wiprojuly.testng.ProductDetailsAndCart@618b19ad]" started-at="2025-09-08T00:06:24 IST" name="setup" finished-at="2025-09-08T00:06:26 IST" duration-ms="2048" status="PASS">
          <reporter-output>
          </reporter-output>
        </test-method> <!-- setup -->
        <test-method signature="addMacBookAirToCart()[pri:0, instance:com.wiprojuly.testng.ProductDetailsAndCart@618b19ad]" started-at="2025-09-08T00:06:26 IST" name="addMacBookAirToCart" finished-at="2025-09-08T00:06:32 IST" duration-ms="6347" status="PASS">
          <reporter-output>
          </reporter-output>
        </test-method> <!-- addMacBookAirToCart -->
        <test-method is-config="true" signature="teardown()[pri:0, instance:com.wiprojuly.testng.ProductDetailsAndCart@618b19ad]" started-at="2025-09-08T00:06:32 IST" name="teardown" finished-at="2025-09-08T00:06:33 IST" duration-ms="343" status="PASS">
          <reporter-output>
          </reporter-output>
        </test-method> <!-- teardown -->
      </class> <!-- com.wiprojuly.testng.ProductDetailsAndCart -->
      <class name="com.wiprojuly.testng.CheckoutProcess">
        <test-method is-config="true" signature="setupClass()[pri:0, instance:com.wiprojuly.testng.CheckoutProcess@2d3379b4]" started-at="2025-09-08T00:06:33 IST" name="setupClass" finished-at="2025-09-08T00:06:33 IST" duration-ms="20" status="PASS">
          <reporter-output>
          </reporter-output>
        </test-method> <!-- setupClass -->
        <test-method is-config="true" signature="setup()[pri:0, instance:com.wiprojuly.testng.CheckoutProcess@2d3379b4]" started-at="2025-09-08T00:06:33 IST" name="setup" finished-at="2025-09-08T00:06:43 IST" duration-ms="10673" status="PASS">
          <reporter-output>
          </reporter-output>
        </test-method> <!-- setup -->
        <test-method signature="checkoutOrder()[pri:0, instance:com.wiprojuly.testng.CheckoutProcess@2d3379b4]" started-at="2025-09-08T00:06:43 IST" name="checkoutOrder" finished-at="2025-09-08T00:06:48 IST" duration-ms="4377" status="PASS">
          <reporter-output>
          </reporter-output>
        </test-method> <!-- checkoutOrder -->
        <test-method is-config="true" signature="teardown()[pri:0, instance:com.wiprojuly.testng.CheckoutProcess@2d3379b4]" started-at="2025-09-08T00:06:48 IST" name="teardown" finished-at="2025-09-08T00:06:48 IST" duration-ms="259" status="PASS">
          <reporter-output>
          </reporter-output>
        </test-method> <!-- teardown -->
      </class> <!-- com.wiprojuly.testng.CheckoutProcess -->
    </test> <!-- Demoblaze End-to-End Tests -->
  </suite> <!-- Demoblaze Suite -->
</testng-results>
