<?xml version="1.0" encoding="UTF-8"?>
<!-- Generated by org.testng.reporters.JUnitXMLReporter -->
<testsuite ignored="0" hostname="DESKTOP-6DRSD6U" failures="1" tests="1" name="Product testcases" time="4.284" errors="0" timestamp="2025-09-06T10:35:25 IST">
  <testcase classname="com.wiprojuly.testng.UserAccount" name="testUserRegistrationAndLogin" time="0.006">
    <failure type="java.lang.NullPointerException" message="Cannot invoke &amp;quot;org.openqa.selenium.WebDriver.findElement(org.openqa.selenium.By)&amp;quot; because &amp;quot;this.driver&amp;quot; is null">
      <![CDATA[java.lang.NullPointerException: Cannot invoke "org.openqa.selenium.WebDriver.findElement(org.openqa.selenium.By)" because "this.driver" is null
at com.wiprojuly.pages.HomePage.clickSignUp(HomePage.java:17)
at com.wiprojuly.testng.UserAccount.testUserRegistrationAndLogin(UserAccount.java:23)
at java.base/java.util.ArrayList.forEach(ArrayList.java:1511)
... Removed 27 stack frames]]>
    </failure>
  </testcase> <!-- testUserRegistrationAndLogin -->
</testsuite> <!-- Product testcases -->
